<?xml version="1.0" encoding="UTF-8"?>
<!-- Generated by org.testng.reporters.JUnitXMLReporter -->
<testsuite ignored="3" hostname="LAPTOP-A3ONQS5O" failures="0" tests="4" name="Test-firefox" time="0.067" errors="0" timestamp="2021-03-04T00:24:46 IST">
  <testcase classname="com.vtiger.genericutility.Baseclass" name="@BeforeClass configBeforeClassparallel" time="-1.614797686576E9">
    <failure type="org.testng.TestNGException" message="
Parameter &amp;apos;Browser&amp;apos; is required by BeforeClass on method configBeforeClassparallel but has not been marked @Optional or defined
in D:\Selenium-Arya\SDET10Project\testngparallel.xml">
      <![CDATA[org.testng.TestNGException: 
Parameter 'Browser' is required by BeforeClass on method configBeforeClassparallel but has not been marked @Optional or defined
in D:\Selenium-Arya\SDET10Project\testngparallel.xml
at java.base/java.util.ArrayList.forEach(Unknown Source)
... Removed 22 stack frames]]>
    </failure>
  </testcase> <!-- @BeforeClass configBeforeClassparallel -->
  <testcase classname="com.vtiger.genericutility.Baseclass" name="@BeforeMethod configBeforeMtd" time="-1.614797686583E9">
    <skipped/>
  </testcase> <!-- @BeforeMethod configBeforeMtd -->
  <testcase classname="com.vtiger.genericutility.Baseclass" name="@AfterMethod configAfterMethod" time="-1.614797686587E9">
    <skipped/>
  </testcase> <!-- @AfterMethod configAfterMethod -->
  <testcase classname="com.vtiger.genericutility.Baseclass" name="@AfterClass configAfterClass" time="-1.614797686589E9">
    <skipped/>
  </testcase> <!-- @AfterClass configAfterClass -->
  <testcase classname="com.vtiger.genericutility.Baseclass" name="@BeforeClass configBeforeClassparallel" time="-1.614797686591E9">
    <failure type="org.testng.TestNGException" message="
Parameter &amp;apos;Browser&amp;apos; is required by BeforeClass on method configBeforeClassparallel but has not been marked @Optional or defined
in D:\Selenium-Arya\SDET10Project\testngparallel.xml">
      <![CDATA[org.testng.TestNGException: 
Parameter 'Browser' is required by BeforeClass on method configBeforeClassparallel but has not been marked @Optional or defined
in D:\Selenium-Arya\SDET10Project\testngparallel.xml
at java.base/java.util.ArrayList.forEach(Unknown Source)
... Removed 22 stack frames]]>
    </failure>
  </testcase> <!-- @BeforeClass configBeforeClassparallel -->
  <testcase classname="com.vtiger.genericutility.Baseclass" name="@BeforeMethod configBeforeMtd" time="-1.614797686594E9">
    <skipped/>
  </testcase> <!-- @BeforeMethod configBeforeMtd -->
  <testcase classname="com.vtiger.genericutility.Baseclass" name="@AfterMethod configAfterMethod" time="-1.614797686603E9">
    <skipped/>
  </testcase> <!-- @AfterMethod configAfterMethod -->
  <testcase classname="com.vtiger.genericutility.Baseclass" name="@AfterClass configAfterClass" time="-1.614797686615E9">
    <skipped/>
  </testcase> <!-- @AfterClass configAfterClass -->
  <testcase classname="com.vtiger.genericutility.Baseclass" name="@BeforeClass configBeforeClassparallel" time="-1.614797686616E9">
    <failure type="org.testng.TestNGException" message="
Parameter &amp;apos;Browser&amp;apos; is required by BeforeClass on method configBeforeClassparallel but has not been marked @Optional or defined
in D:\Selenium-Arya\SDET10Project\testngparallel.xml">
      <![CDATA[org.testng.TestNGException: 
Parameter 'Browser' is required by BeforeClass on method configBeforeClassparallel but has not been marked @Optional or defined
in D:\Selenium-Arya\SDET10Project\testngparallel.xml
at java.base/java.util.ArrayList.forEach(Unknown Source)
... Removed 22 stack frames]]>
    </failure>
  </testcase> <!-- @BeforeClass configBeforeClassparallel -->
  <testcase classname="com.vtiger.genericutility.Baseclass" name="@BeforeMethod configBeforeMtd" time="-1.614797686619E9">
    <skipped/>
  </testcase> <!-- @BeforeMethod configBeforeMtd -->
  <testcase classname="com.vtiger.genericutility.Baseclass" name="@AfterMethod configAfterMethod" time="-1.614797686624E9">
    <skipped/>
  </testcase> <!-- @AfterMethod configAfterMethod -->
  <testcase classname="com.vtiger.genericutility.Baseclass" name="@AfterClass configAfterClass" time="-1.614797686626E9">
    <skipped/>
  </testcase> <!-- @AfterClass configAfterClass -->
  <testcase classname="com.vtiger.genericutility.Baseclass" name="@BeforeClass configBeforeClassparallel" time="-1.614797686627E9">
    <failure type="org.testng.TestNGException" message="
Parameter &amp;apos;Browser&amp;apos; is required by BeforeClass on method configBeforeClassparallel but has not been marked @Optional or defined
in D:\Selenium-Arya\SDET10Project\testngparallel.xml">
      <![CDATA[org.testng.TestNGException: 
Parameter 'Browser' is required by BeforeClass on method configBeforeClassparallel but has not been marked @Optional or defined
in D:\Selenium-Arya\SDET10Project\testngparallel.xml
at java.base/java.util.ArrayList.forEach(Unknown Source)
... Removed 22 stack frames]]>
    </failure>
  </testcase> <!-- @BeforeClass configBeforeClassparallel -->
  <testcase classname="com.vtiger.genericutility.Baseclass" name="@BeforeMethod configBeforeMtd" time="-1.614797686629E9">
    <skipped/>
  </testcase> <!-- @BeforeMethod configBeforeMtd -->
  <testcase classname="com.vtiger.genericutility.Baseclass" name="@AfterMethod configAfterMethod" time="-1.614797686637E9">
    <skipped/>
  </testcase> <!-- @AfterMethod configAfterMethod -->
  <testcase classname="com.vtiger.genericutility.Baseclass" name="@AfterClass configAfterClass" time="-1.614797686639E9">
    <skipped/>
  </testcase> <!-- @AfterClass configAfterClass -->
  <testcase classname="com.vitger.creatrnewproduct.Createproduct" name="createproduct" time="0.0">
    <skipped/>
  </testcase> <!-- createproduct -->
  <testcase classname="com.vitger.creatrnewproduct.Createproductwithactive" name="createProductWithActive" time="0.0">
    <skipped/>
  </testcase> <!-- createProductWithActive -->
  <testcase classname="com.vitger.creatrnewproduct.Createproductmandtoryfield" name="createProductMandtoryfield" time="0.0">
    <skipped/>
  </testcase> <!-- createProductMandtoryfield -->
  <testcase classname="com.vitger.creatrnewproduct.Createproductwithoutactive" name="createProductWithoutActive" time="0.0">
    <skipped/>
  </testcase> <!-- createProductWithoutActive -->
  <testcase classname="com.vtiger.genericutility.Baseclass" name="@BeforeSuite configBeforeSuite" time="0.0">
    <ignored/>
  </testcase> <!-- @BeforeSuite configBeforeSuite -->
  <testcase classname="com.vtiger.genericutility.Baseclass" name="@BeforeSuite configBeforeSuite" time="0.0">
    <ignored/>
  </testcase> <!-- @BeforeSuite configBeforeSuite -->
  <testcase classname="com.vtiger.genericutility.Baseclass" name="@BeforeSuite configBeforeSuite" time="0.0">
    <ignored/>
  </testcase> <!-- @BeforeSuite configBeforeSuite -->
</testsuite> <!-- Test-firefox -->
